This is pdfTeX, Version 3.14159265-2.6-1.40.20 (TeX Live 2019/Arch Linux) (preloaded format=pdflatex 2019.9.11)  13 OCT 2019 03:22
entering extended mode
 restricted \write18 enabled.
 %&-line parsing enabled.
**emacs.tex
(.//emacs.tex
LaTeX2e <2018-12-01>
(/usr/share/texmf-dist/tex/latex/base/article.cls
Document Class: article 2018/09/03 v1.4i Standard LaTeX document class
(/usr/share/texmf-dist/tex/latex/base/size11.clo
File: size11.clo 2018/09/03 v1.4i Standard LaTeX file (size option)
)
\c@part=\count80
\c@section=\count81
\c@subsection=\count82
\c@subsubsection=\count83
\c@paragraph=\count84
\c@subparagraph=\count85
\c@figure=\count86
\c@table=\count87
\abovecaptionskip=\skip41
\belowcaptionskip=\skip42
\bibindent=\dimen102
)
(/usr/share/texmf-dist/tex/latex/base/inputenc.sty
Package: inputenc 2018/08/11 v1.3c Input encoding file
\inpenc@prehook=\toks14
\inpenc@posthook=\toks15
)
(/usr/share/texmf-dist/tex/latex/base/fontenc.sty
Package: fontenc 2018/08/11 v2.0j Standard LaTeX package

(/usr/share/texmf-dist/tex/latex/base/t1enc.def
File: t1enc.def 2018/08/11 v2.0j Standard LaTeX file
LaTeX Font Info:    Redeclaring font encoding T1 on input line 48.
))
(/usr/share/texmf-dist/tex/latex/graphics/graphicx.sty
Package: graphicx 2017/06/01 v1.1a Enhanced LaTeX Graphics (DPC,SPQR)

(/usr/share/texmf-dist/tex/latex/graphics/keyval.sty
Package: keyval 2014/10/28 v1.15 key=value parser (DPC)
\KV@toks@=\toks16
)
(/usr/share/texmf-dist/tex/latex/graphics/graphics.sty
Package: graphics 2017/06/25 v1.2c Standard LaTeX Graphics (DPC,SPQR)

(/usr/share/texmf-dist/tex/latex/graphics/trig.sty
Package: trig 2016/01/03 v1.10 sin cos tan (DPC)
)
(/usr/share/texmf-dist/tex/latex/graphics-cfg/graphics.cfg
File: graphics.cfg 2016/06/04 v1.11 sample graphics configuration
)
Package graphics Info: Driver file: pdftex.def on input line 99.

(/usr/share/texmf-dist/tex/latex/graphics-def/pdftex.def
File: pdftex.def 2018/01/08 v1.0l Graphics/color driver for pdftex
))
\Gin@req@height=\dimen103
\Gin@req@width=\dimen104
)
(/usr/share/texmf-dist/tex/latex/oberdiek/grffile.sty
Package: grffile 2017/06/30 v1.18 Extended file name support for graphics (HO)

(/usr/share/texmf-dist/tex/generic/oberdiek/ifpdf.sty
Package: ifpdf 2018/09/07 v3.3 Provides the ifpdf switch
)
(/usr/share/texmf-dist/tex/generic/ifxetex/ifxetex.sty
Package: ifxetex 2010/09/12 v0.6 Provides ifxetex conditional
)
(/usr/share/texmf-dist/tex/latex/oberdiek/kvoptions.sty
Package: kvoptions 2016/05/16 v3.12 Key value format for package options (HO)

(/usr/share/texmf-dist/tex/generic/oberdiek/ltxcmds.sty
Package: ltxcmds 2016/05/16 v1.23 LaTeX kernel commands for general use (HO)
)
(/usr/share/texmf-dist/tex/generic/oberdiek/kvsetkeys.sty
Package: kvsetkeys 2016/05/16 v1.17 Key value parser (HO)

(/usr/share/texmf-dist/tex/generic/oberdiek/infwarerr.sty
Package: infwarerr 2016/05/16 v1.4 Providing info/warning/error messages (HO)
)
(/usr/share/texmf-dist/tex/generic/oberdiek/etexcmds.sty
Package: etexcmds 2016/05/16 v1.6 Avoid name clashes with e-TeX commands (HO)

(/usr/share/texmf-dist/tex/generic/oberdiek/ifluatex.sty
Package: ifluatex 2016/05/16 v1.4 Provides the ifluatex switch (HO)
Package ifluatex Info: LuaTeX not detected.
))))
(/usr/share/texmf-dist/tex/generic/oberdiek/pdftexcmds.sty
Package: pdftexcmds 2018/09/10 v0.29 Utility functions of pdfTeX for LuaTeX (HO
)
Package pdftexcmds Info: LuaTeX not detected.
Package pdftexcmds Info: \pdf@primitive is available.
Package pdftexcmds Info: \pdf@ifprimitive is available.
Package pdftexcmds Info: \pdfdraftmode found.
)
Package grffile Info: Option `multidot' is set to `true'.
Package grffile Info: Option `extendedchars' is set to `false'.
Package grffile Info: Option `space' is set to `true'.
Package grffile Info: \Gin@ii of package `graphicx' fixed on input line 494.
)
(/usr/share/texmf-dist/tex/latex/tools/longtable.sty
Package: longtable 2014/10/28 v4.11 Multi-page Table package (DPC)+ FMi change
\LTleft=\skip43
\LTright=\skip44
\LTpre=\skip45
\LTpost=\skip46
\LTchunksize=\count88
\LTcapwidth=\dimen105
\LT@head=\box27
\LT@firsthead=\box28
\LT@foot=\box29
\LT@lastfoot=\box30
\LT@cols=\count89
\LT@rows=\count90
\c@LT@tables=\count91
\c@LT@chunks=\count92
\LT@p@ftn=\toks17
)
(/usr/share/texmf-dist/tex/latex/wrapfig/wrapfig.sty
\wrapoverhang=\dimen106
\WF@size=\dimen107
\c@WF@wrappedlines=\count93
\WF@box=\box31
\WF@everypar=\toks18
Package: wrapfig 2003/01/31  v 3.6
)
(/usr/share/texmf-dist/tex/latex/graphics/rotating.sty
Package: rotating 2016/08/11 v2.16d rotated objects in LaTeX

(/usr/share/texmf-dist/tex/latex/base/ifthen.sty
Package: ifthen 2014/09/29 v1.1c Standard LaTeX ifthen package (DPC)
)
\c@r@tfl@t=\count94
\rotFPtop=\skip47
\rotFPbot=\skip48
\rot@float@box=\box32
\rot@mess@toks=\toks19
)
(/usr/share/texmf-dist/tex/generic/ulem/ulem.sty
\UL@box=\box33
\UL@hyphenbox=\box34
\UL@skip=\skip49
\UL@hook=\toks20
\UL@height=\dimen108
\UL@pe=\count95
\UL@pixel=\dimen109
\ULC@box=\box35
Package: ulem 2012/05/18
\ULdepth=\dimen110
)
(/usr/share/texmf-dist/tex/latex/amsmath/amsmath.sty
Package: amsmath 2018/12/01 v2.17b AMS math features
\@mathmargin=\skip50

For additional information on amsmath, use the `?' option.
(/usr/share/texmf-dist/tex/latex/amsmath/amstext.sty
Package: amstext 2000/06/29 v2.01 AMS text

(/usr/share/texmf-dist/tex/latex/amsmath/amsgen.sty
File: amsgen.sty 1999/11/30 v2.0 generic functions
\@emptytoks=\toks21
\ex@=\dimen111
))
(/usr/share/texmf-dist/tex/latex/amsmath/amsbsy.sty
Package: amsbsy 1999/11/29 v1.2d Bold Symbols
\pmbraise@=\dimen112
)
(/usr/share/texmf-dist/tex/latex/amsmath/amsopn.sty
Package: amsopn 2016/03/08 v2.02 operator names
)
\inf@bad=\count96
LaTeX Info: Redefining \frac on input line 223.
\uproot@=\count97
\leftroot@=\count98
LaTeX Info: Redefining \overline on input line 385.
\classnum@=\count99
\DOTSCASE@=\count100
LaTeX Info: Redefining \ldots on input line 482.
LaTeX Info: Redefining \dots on input line 485.
LaTeX Info: Redefining \cdots on input line 606.
\Mathstrutbox@=\box36
\strutbox@=\box37
\big@size=\dimen113
LaTeX Font Info:    Redeclaring font encoding OML on input line 729.
LaTeX Font Info:    Redeclaring font encoding OMS on input line 730.
\macc@depth=\count101
\c@MaxMatrixCols=\count102
\dotsspace@=\muskip10
\c@parentequation=\count103
\dspbrk@lvl=\count104
\tag@help=\toks22
\row@=\count105
\column@=\count106
\maxfields@=\count107
\andhelp@=\toks23
\eqnshift@=\dimen114
\alignsep@=\dimen115
\tagshift@=\dimen116
\tagwidth@=\dimen117
\totwidth@=\dimen118
\lineht@=\dimen119
\@envbody=\toks24
\multlinegap=\skip51
\multlinetaggap=\skip52
\mathdisplay@stack=\toks25
LaTeX Info: Redefining \[ on input line 2844.
LaTeX Info: Redefining \] on input line 2845.
)
(/usr/share/texmf-dist/tex/latex/base/textcomp.sty
Package: textcomp 2018/08/11 v2.0j Standard LaTeX package
Package textcomp Info: Sub-encoding information:
(textcomp)               5 = only ISO-Adobe without \textcurrency
(textcomp)               4 = 5 + \texteuro
(textcomp)               3 = 4 + \textohm
(textcomp)               2 = 3 + \textestimated + \textcurrency
(textcomp)               1 = TS1 - \textcircled - \t
(textcomp)               0 = TS1 (full)
(textcomp)             Font families with sub-encoding setting implement
(textcomp)             only a restricted character set as indicated.
(textcomp)             Family '?' is the default used for unknown fonts.
(textcomp)             See the documentation for details.
Package textcomp Info: Setting ? sub-encoding to TS1/1 on input line 79.

(/usr/share/texmf-dist/tex/latex/base/ts1enc.def
File: ts1enc.def 2001/06/05 v3.0e (jk/car/fm) Standard LaTeX file
Now handling font encoding TS1 ...
... processing UTF-8 mapping file for font encoding TS1

(/usr/share/texmf-dist/tex/latex/base/ts1enc.dfu
File: ts1enc.dfu 2018/10/05 v1.2f UTF-8 support for inputenc
   defining Unicode char U+00A2 (decimal 162)
   defining Unicode char U+00A3 (decimal 163)
   defining Unicode char U+00A4 (decimal 164)
   defining Unicode char U+00A5 (decimal 165)
   defining Unicode char U+00A6 (decimal 166)
   defining Unicode char U+00A7 (decimal 167)
   defining Unicode char U+00A8 (decimal 168)
   defining Unicode char U+00A9 (decimal 169)
   defining Unicode char U+00AA (decimal 170)
   defining Unicode char U+00AC (decimal 172)
   defining Unicode char U+00AE (decimal 174)
   defining Unicode char U+00AF (decimal 175)
   defining Unicode char U+00B0 (decimal 176)
   defining Unicode char U+00B1 (decimal 177)
   defining Unicode char U+00B2 (decimal 178)
   defining Unicode char U+00B3 (decimal 179)
   defining Unicode char U+00B4 (decimal 180)
   defining Unicode char U+00B5 (decimal 181)
   defining Unicode char U+00B6 (decimal 182)
   defining Unicode char U+00B7 (decimal 183)
   defining Unicode char U+00B9 (decimal 185)
   defining Unicode char U+00BA (decimal 186)
   defining Unicode char U+00BC (decimal 188)
   defining Unicode char U+00BD (decimal 189)
   defining Unicode char U+00BE (decimal 190)
   defining Unicode char U+00D7 (decimal 215)
   defining Unicode char U+00F7 (decimal 247)
   defining Unicode char U+0192 (decimal 402)
   defining Unicode char U+02C7 (decimal 711)
   defining Unicode char U+02D8 (decimal 728)
   defining Unicode char U+02DD (decimal 733)
   defining Unicode char U+0E3F (decimal 3647)
   defining Unicode char U+2016 (decimal 8214)
   defining Unicode char U+2020 (decimal 8224)
   defining Unicode char U+2021 (decimal 8225)
   defining Unicode char U+2022 (decimal 8226)
   defining Unicode char U+2030 (decimal 8240)
   defining Unicode char U+2031 (decimal 8241)
   defining Unicode char U+203B (decimal 8251)
   defining Unicode char U+203D (decimal 8253)
   defining Unicode char U+2044 (decimal 8260)
   defining Unicode char U+204E (decimal 8270)
   defining Unicode char U+2052 (decimal 8274)
   defining Unicode char U+20A1 (decimal 8353)
   defining Unicode char U+20A4 (decimal 8356)
   defining Unicode char U+20A6 (decimal 8358)
   defining Unicode char U+20A9 (decimal 8361)
   defining Unicode char U+20AB (decimal 8363)
   defining Unicode char U+20AC (decimal 8364)
   defining Unicode char U+20B1 (decimal 8369)
   defining Unicode char U+2103 (decimal 8451)
   defining Unicode char U+2116 (decimal 8470)
   defining Unicode char U+2117 (decimal 8471)
   defining Unicode char U+211E (decimal 8478)
   defining Unicode char U+2120 (decimal 8480)
   defining Unicode char U+2122 (decimal 8482)
   defining Unicode char U+2126 (decimal 8486)
   defining Unicode char U+2127 (decimal 8487)
   defining Unicode char U+212E (decimal 8494)
   defining Unicode char U+2190 (decimal 8592)
   defining Unicode char U+2191 (decimal 8593)
   defining Unicode char U+2192 (decimal 8594)
   defining Unicode char U+2193 (decimal 8595)
   defining Unicode char U+2329 (decimal 9001)
   defining Unicode char U+232A (decimal 9002)
   defining Unicode char U+2422 (decimal 9250)
   defining Unicode char U+25E6 (decimal 9702)
   defining Unicode char U+25EF (decimal 9711)
   defining Unicode char U+266A (decimal 9834)
   defining Unicode char U+FEFF (decimal 65279)
))
LaTeX Info: Redefining \oldstylenums on input line 334.
Package textcomp Info: Setting cmr sub-encoding to TS1/0 on input line 349.
Package textcomp Info: Setting cmss sub-encoding to TS1/0 on input line 350.
Package textcomp Info: Setting cmtt sub-encoding to TS1/0 on input line 351.
Package textcomp Info: Setting cmvtt sub-encoding to TS1/0 on input line 352.
Package textcomp Info: Setting cmbr sub-encoding to TS1/0 on input line 353.
Package textcomp Info: Setting cmtl sub-encoding to TS1/0 on input line 354.
Package textcomp Info: Setting ccr sub-encoding to TS1/0 on input line 355.
Package textcomp Info: Setting ptm sub-encoding to TS1/4 on input line 356.
Package textcomp Info: Setting pcr sub-encoding to TS1/4 on input line 357.
Package textcomp Info: Setting phv sub-encoding to TS1/4 on input line 358.
Package textcomp Info: Setting ppl sub-encoding to TS1/3 on input line 359.
Package textcomp Info: Setting pag sub-encoding to TS1/4 on input line 360.
Package textcomp Info: Setting pbk sub-encoding to TS1/4 on input line 361.
Package textcomp Info: Setting pnc sub-encoding to TS1/4 on input line 362.
Package textcomp Info: Setting pzc sub-encoding to TS1/4 on input line 363.
Package textcomp Info: Setting bch sub-encoding to TS1/4 on input line 364.
Package textcomp Info: Setting put sub-encoding to TS1/5 on input line 365.
Package textcomp Info: Setting uag sub-encoding to TS1/5 on input line 366.
Package textcomp Info: Setting ugq sub-encoding to TS1/5 on input line 367.
Package textcomp Info: Setting ul8 sub-encoding to TS1/4 on input line 368.
Package textcomp Info: Setting ul9 sub-encoding to TS1/4 on input line 369.
Package textcomp Info: Setting augie sub-encoding to TS1/5 on input line 370.
Package textcomp Info: Setting dayrom sub-encoding to TS1/3 on input line 371.
Package textcomp Info: Setting dayroms sub-encoding to TS1/3 on input line 372.

Package textcomp Info: Setting pxr sub-encoding to TS1/0 on input line 373.
Package textcomp Info: Setting pxss sub-encoding to TS1/0 on input line 374.
Package textcomp Info: Setting pxtt sub-encoding to TS1/0 on input line 375.
Package textcomp Info: Setting txr sub-encoding to TS1/0 on input line 376.
Package textcomp Info: Setting txss sub-encoding to TS1/0 on input line 377.
Package textcomp Info: Setting txtt sub-encoding to TS1/0 on input line 378.
Package textcomp Info: Setting lmr sub-encoding to TS1/0 on input line 379.
Package textcomp Info: Setting lmdh sub-encoding to TS1/0 on input line 380.
Package textcomp Info: Setting lmss sub-encoding to TS1/0 on input line 381.
Package textcomp Info: Setting lmssq sub-encoding to TS1/0 on input line 382.
Package textcomp Info: Setting lmvtt sub-encoding to TS1/0 on input line 383.
Package textcomp Info: Setting lmtt sub-encoding to TS1/0 on input line 384.
Package textcomp Info: Setting qhv sub-encoding to TS1/0 on input line 385.
Package textcomp Info: Setting qag sub-encoding to TS1/0 on input line 386.
Package textcomp Info: Setting qbk sub-encoding to TS1/0 on input line 387.
Package textcomp Info: Setting qcr sub-encoding to TS1/0 on input line 388.
Package textcomp Info: Setting qcs sub-encoding to TS1/0 on input line 389.
Package textcomp Info: Setting qpl sub-encoding to TS1/0 on input line 390.
Package textcomp Info: Setting qtm sub-encoding to TS1/0 on input line 391.
Package textcomp Info: Setting qzc sub-encoding to TS1/0 on input line 392.
Package textcomp Info: Setting qhvc sub-encoding to TS1/0 on input line 393.
Package textcomp Info: Setting futs sub-encoding to TS1/4 on input line 394.
Package textcomp Info: Setting futx sub-encoding to TS1/4 on input line 395.
Package textcomp Info: Setting futj sub-encoding to TS1/4 on input line 396.
Package textcomp Info: Setting hlh sub-encoding to TS1/3 on input line 397.
Package textcomp Info: Setting hls sub-encoding to TS1/3 on input line 398.
Package textcomp Info: Setting hlst sub-encoding to TS1/3 on input line 399.
Package textcomp Info: Setting hlct sub-encoding to TS1/5 on input line 400.
Package textcomp Info: Setting hlx sub-encoding to TS1/5 on input line 401.
Package textcomp Info: Setting hlce sub-encoding to TS1/5 on input line 402.
Package textcomp Info: Setting hlcn sub-encoding to TS1/5 on input line 403.
Package textcomp Info: Setting hlcw sub-encoding to TS1/5 on input line 404.
Package textcomp Info: Setting hlcf sub-encoding to TS1/5 on input line 405.
Package textcomp Info: Setting pplx sub-encoding to TS1/3 on input line 406.
Package textcomp Info: Setting pplj sub-encoding to TS1/3 on input line 407.
Package textcomp Info: Setting ptmx sub-encoding to TS1/4 on input line 408.
Package textcomp Info: Setting ptmj sub-encoding to TS1/4 on input line 409.
)
(/usr/share/texmf-dist/tex/latex/amsfonts/amssymb.sty
Package: amssymb 2013/01/14 v3.01 AMS font symbols

(/usr/share/texmf-dist/tex/latex/amsfonts/amsfonts.sty
Package: amsfonts 2013/01/14 v3.01 Basic AMSFonts support
\symAMSa=\mathgroup4
\symAMSb=\mathgroup5
LaTeX Font Info:    Overwriting math alphabet `\mathfrak' in version `bold'
(Font)                  U/euf/m/n --> U/euf/b/n on input line 106.
))
(/usr/share/texmf-dist/tex/latex/capt-of/capt-of.sty
Package: capt-of 2009/12/29 v0.2 standard captions outside of floats
)
(/usr/share/texmf-dist/tex/latex/hyperref/hyperref.sty
Package: hyperref 2018/11/30 v6.88e Hypertext links for LaTeX

(/usr/share/texmf-dist/tex/generic/oberdiek/hobsub-hyperref.sty
Package: hobsub-hyperref 2016/05/16 v1.14 Bundle oberdiek, subset hyperref (HO)


(/usr/share/texmf-dist/tex/generic/oberdiek/hobsub-generic.sty
Package: hobsub-generic 2016/05/16 v1.14 Bundle oberdiek, subset generic (HO)
Package: hobsub 2016/05/16 v1.14 Construct package bundles (HO)
Package hobsub Info: Skipping package `infwarerr' (already loaded).
Package hobsub Info: Skipping package `ltxcmds' (already loaded).
Package hobsub Info: Skipping package `ifluatex' (already loaded).
Package: ifvtex 2016/05/16 v1.6 Detect VTeX and its facilities (HO)
Package ifvtex Info: VTeX not detected.
Package: intcalc 2016/05/16 v1.2 Expandable calculations with integers (HO)
Package hobsub Info: Skipping package `ifpdf' (already loaded).
Package hobsub Info: Skipping package `etexcmds' (already loaded).
Package hobsub Info: Skipping package `kvsetkeys' (already loaded).
Package: kvdefinekeys 2016/05/16 v1.4 Define keys (HO)
Package hobsub Info: Skipping package `pdftexcmds' (already loaded).
Package: pdfescape 2016/05/16 v1.14 Implements pdfTeX's escape features (HO)
Package: bigintcalc 2016/05/16 v1.4 Expandable calculations on big integers (HO
)
Package: bitset 2016/05/16 v1.2 Handle bit-vector datatype (HO)
Package: uniquecounter 2016/05/16 v1.3 Provide unlimited unique counter (HO)
)
Package hobsub Info: Skipping package `hobsub' (already loaded).
Package: letltxmacro 2016/05/16 v1.5 Let assignment for LaTeX macros (HO)
Package: hopatch 2016/05/16 v1.3 Wrapper for package hooks (HO)
Package: xcolor-patch 2016/05/16 xcolor patch
Package: atveryend 2016/05/16 v1.9 Hooks at the very end of document (HO)
Package atveryend Info: \enddocument detected (standard20110627).
Package: atbegshi 2016/06/09 v1.18 At begin shipout hook (HO)
Package: refcount 2016/05/16 v3.5 Data extraction from label references (HO)
Package: hycolor 2016/05/16 v1.8 Color options for hyperref/bookmark (HO)
)
(/usr/share/texmf-dist/tex/latex/oberdiek/auxhook.sty
Package: auxhook 2016/05/16 v1.4 Hooks for auxiliary files (HO)
)
\@linkdim=\dimen120
\Hy@linkcounter=\count108
\Hy@pagecounter=\count109

(/usr/share/texmf-dist/tex/latex/hyperref/pd1enc.def
File: pd1enc.def 2018/11/30 v6.88e Hyperref: PDFDocEncoding definition (HO)
Now handling font encoding PD1 ...
... no UTF-8 mapping file for font encoding PD1
)
\Hy@SavedSpaceFactor=\count110

(/usr/share/texmf-dist/tex/latex/latexconfig/hyperref.cfg
File: hyperref.cfg 2002/06/06 v1.2 hyperref configuration of TeXLive
)
Package hyperref Info: Hyper figures OFF on input line 4519.
Package hyperref Info: Link nesting OFF on input line 4524.
Package hyperref Info: Hyper index ON on input line 4527.
Package hyperref Info: Plain pages OFF on input line 4534.
Package hyperref Info: Backreferencing OFF on input line 4539.
Package hyperref Info: Implicit mode ON; LaTeX internals redefined.
Package hyperref Info: Bookmarks ON on input line 4772.
\c@Hy@tempcnt=\count111

(/usr/share/texmf-dist/tex/latex/url/url.sty
\Urlmuskip=\muskip11
Package: url 2013/09/16  ver 3.4  Verb mode for urls, etc.
)
LaTeX Info: Redefining \url on input line 5125.
\XeTeXLinkMargin=\dimen121
\Fld@menulength=\count112
\Field@Width=\dimen122
\Fld@charsize=\dimen123
Package hyperref Info: Hyper figures OFF on input line 6380.
Package hyperref Info: Link nesting OFF on input line 6385.
Package hyperref Info: Hyper index ON on input line 6388.
Package hyperref Info: backreferencing OFF on input line 6395.
Package hyperref Info: Link coloring OFF on input line 6400.
Package hyperref Info: Link coloring with OCG OFF on input line 6405.
Package hyperref Info: PDF/A mode OFF on input line 6410.
LaTeX Info: Redefining \ref on input line 6450.
LaTeX Info: Redefining \pageref on input line 6454.
\Hy@abspage=\count113
\c@Item=\count114
\c@Hfootnote=\count115
)
Package hyperref Info: Driver (autodetected): hpdftex.

(/usr/share/texmf-dist/tex/latex/hyperref/hpdftex.def
File: hpdftex.def 2018/11/30 v6.88e Hyperref driver for pdfTeX
\Fld@listcount=\count116
\c@bookmark@seq@number=\count117

(/usr/share/texmf-dist/tex/latex/oberdiek/rerunfilecheck.sty
Package: rerunfilecheck 2016/05/16 v1.8 Rerun checks for auxiliary files (HO)
Package uniquecounter Info: New unique counter `rerunfilecheck' on input line 2
82.
)
\Hy@SectionHShift=\skip53
)
No file emacs.aux.
\openout1 = `emacs.aux'.

LaTeX Font Info:    Checking defaults for OML/cmm/m/it on input line 28.
LaTeX Font Info:    ... okay on input line 28.
LaTeX Font Info:    Checking defaults for T1/cmr/m/n on input line 28.
LaTeX Font Info:    ... okay on input line 28.
LaTeX Font Info:    Checking defaults for OT1/cmr/m/n on input line 28.
LaTeX Font Info:    ... okay on input line 28.
LaTeX Font Info:    Checking defaults for OMS/cmsy/m/n on input line 28.
LaTeX Font Info:    ... okay on input line 28.
LaTeX Font Info:    Checking defaults for OMX/cmex/m/n on input line 28.
LaTeX Font Info:    ... okay on input line 28.
LaTeX Font Info:    Checking defaults for U/cmr/m/n on input line 28.
LaTeX Font Info:    ... okay on input line 28.
LaTeX Font Info:    Checking defaults for TS1/cmr/m/n on input line 28.
LaTeX Font Info:    Try loading font information for TS1+cmr on input line 28.
(/usr/share/texmf-dist/tex/latex/base/ts1cmr.fd
File: ts1cmr.fd 2014/09/29 v2.5h Standard LaTeX font definitions
)
LaTeX Font Info:    ... okay on input line 28.
LaTeX Font Info:    Checking defaults for PD1/pdf/m/n on input line 28.
LaTeX Font Info:    ... okay on input line 28.

(/usr/share/texmf-dist/tex/context/base/mkii/supp-pdf.mkii
[Loading MPS to PDF converter (version 2006.09.02).]
\scratchcounter=\count118
\scratchdimen=\dimen124
\scratchbox=\box38
\nofMPsegments=\count119
\nofMParguments=\count120
\everyMPshowfont=\toks26
\MPscratchCnt=\count121
\MPscratchDim=\dimen125
\MPnumerator=\count122
\makeMPintoPDFobject=\count123
\everyMPtoPDFconversion=\toks27
) (/usr/share/texmf-dist/tex/latex/oberdiek/epstopdf-base.sty
Package: epstopdf-base 2016/05/15 v2.6 Base part for package epstopdf

(/usr/share/texmf-dist/tex/latex/oberdiek/grfext.sty
Package: grfext 2016/05/16 v1.2 Manage graphics extensions (HO)
)
Package epstopdf-base Info: Redefining graphics rule for `.eps' on input line 4
38.
Package grfext Info: Graphics extension search list:
(grfext)             [.pdf,.png,.jpg,.mps,.jpeg,.jbig2,.jb2,.PDF,.PNG,.JPG,.JPE
G,.JBIG2,.JB2,.eps]
(grfext)             \AppendGraphicsExtensions on input line 456.

(/usr/share/texmf-dist/tex/latex/latexconfig/epstopdf-sys.cfg
File: epstopdf-sys.cfg 2010/07/13 v1.3 Configuration of (r)epstopdf for TeX Liv
e
))
\AtBeginShipoutBox=\box39
Package hyperref Info: Link coloring OFF on input line 28.

(/usr/share/texmf-dist/tex/latex/hyperref/nameref.sty
Package: nameref 2016/05/21 v2.44 Cross-referencing by name of section

(/usr/share/texmf-dist/tex/generic/oberdiek/gettitlestring.sty
Package: gettitlestring 2016/05/16 v1.5 Cleanup title references (HO)
)
\c@section@level=\count124
)
LaTeX Info: Redefining \ref on input line 28.
LaTeX Info: Redefining \pageref on input line 28.
LaTeX Info: Redefining \nameref on input line 28.
\@outlinefile=\write3
\openout3 = `emacs.out'.

LaTeX Font Info:    Try loading font information for U+msa on input line 31.

(/usr/share/texmf-dist/tex/latex/amsfonts/umsa.fd
File: umsa.fd 2013/01/14 v3.01 AMS symbols A
)
LaTeX Font Info:    Try loading font information for U+msb on input line 31.

(/usr/share/texmf-dist/tex/latex/amsfonts/umsb.fd
File: umsb.fd 2013/01/14 v3.01 AMS symbols B
)
\tf@toc=\write4
\openout4 = `emacs.toc'.

LaTeX Font Info:    Try loading font information for T1+cmtt on input line 34.

(/usr/share/texmf-dist/tex/latex/base/t1cmtt.fd
File: t1cmtt.fd 2014/09/29 v2.5h Standard LaTeX font definitions
)
Overfull \hbox (19.11086pt too wide) in paragraph at lines 42--42
[]\T1/cmtt/m/n/10.95 Keybindings use the <kbd> macro, as recommended in Masteri
ng Emacs:[] 
 []


Overfull \hbox (37.61086pt too wide) in paragraph at lines 44--45
[][]$\T1/cmtt/m/n/10.95 https : / / www . masteringemacs . org / article / mast
ering-[]key-[]bindings-[]emacs$[] 
 []


Overfull \hbox (426.51357pt too wide) in paragraph at lines 48--48
[]\T1/cmtt/m/n/10.95 For native packages that come with emacs, `:ensure nil` mu
st be set or use-package will try to download those packages from melpa and bre
ak[] 
 []


Overfull \hbox (1.29716pt too wide) in paragraph at lines 50--50
[][]\T1/cmr/bx/n/14.4 Recompile init.el ev-ery-time emacs.org is changed and
 []


Overfull \hbox (268.07918pt too wide) in paragraph at lines 56--56
[]\T1/cmtt/m/n/10.95 Moved this to beggining of the file to avoid it not being 
parsed when theres an error in the middle of the file[] 
 []


Overfull \hbox (398.22171pt too wide) in paragraph at lines 56--56
[]\T1/cmtt/m/n/10.95 It was being recompiled without this function so i had to 
manually re-copy first-init.el to make it compile first time again and again[] 

 []


Overfull \hbox (70.0362pt too wide) in paragraph at lines 71--71
[]               \T1/cmtt/m/n/10.95 (expand-file-name (concat user-emacs-direct
ory "emacs.org")))[] 
 []


Overfull \hbox (24.76923pt too wide) in paragraph at lines 71--71
[]      \T1/cmtt/m/n/10.95 (byte-compile-file (concat user-emacs-directory "ini
t.el")))))[] 
 []

[1

{/var/lib/texmf/fonts/map/pdftex/updmap/pdftex.map}]
Overfull \hbox (58.71945pt too wide) in paragraph at lines 89--89
[]\T1/cmtt/m/n/10.95 (add-to-list 'package-archives '("melpa" . "https://melpa.
org/packages/"))[] 
 []


Overfull \hbox (64.37782pt too wide) in paragraph at lines 89--89
[]\T1/cmtt/m/n/10.95 (add-to-list 'package-archives '("gnu" . "https://elpa.gnu
.org/packages/"))[] 
 []


Overfull \hbox (177.54524pt too wide) in paragraph at lines 89--89
[]\T1/cmtt/m/n/10.95 (add-to-list 'package-archives '("org" . "http://orgmode.o
rg/elpa/") t) ; Org-mode's repository[] 
 []


Overfull \hbox (856.54976pt too wide) in paragraph at lines 120--120
[]   \T1/cmtt/m/n/10.95 ("84d2f9eeb3f82d619ca4bfffe5f157282f4779732f48a5ac1484d
94d5ff5b279" "57f95012730e3a03ebddb7f2925861ade87f53d5bbb255398357731a7b1ac0e0"
 "3c83b3676d796422704082049fc38b6966bcad960f896669dfc21a7a37a748fa" default)))[
] 
 []


Overfull \hbox (1886.37328pt too wide) in paragraph at lines 120--120
[]     \T1/cmtt/m/n/10.95 (pdf-tools ox-pandoc ox-reveal org-preview-html latex
-preview-pane smart-mode-line-powerline-theme base16-theme gruvbox-theme darkto
oth-theme rainbow-mode smartscan restclient editorconfig prettier-js pandoc rjs
x-mode js2-refactor web-mode evil-org multiple-cursors flycheck smart-mode-line
 ## evil-leader evil-commentary evil-surround htmlize magit neotree evil json-m
ode web-serverx org))))[] 
 []


Overfull \hbox (13.45248pt too wide) in paragraph at lines 120--120
[]   \T1/cmtt/m/n/10.95 ;; If you edit it by hand, you could mess it up, so be 
careful.[] 
 []


Overfull \hbox (53.06108pt too wide) in paragraph at lines 128--128
[]\T1/cmtt/m/n/10.95 (add-to-list 'load-path (expand-file-name "config" user-em
acs-directory))[] 
 []

[2]
Overfull \hbox (7.79411pt too wide) in paragraph at lines 165--165
[]\T1/cmtt/m/n/10.95 this is disabled for now as i preffer to specify for each 
package[] 
 []

[3] [4]
Overfull \hbox (194.52036pt too wide) in paragraph at lines 251--251
[]\T1/cmtt/m/n/10.95 (defconst emacs-tmp-dir (expand-file-name (format "emacs%d
" (user-uid)) temporary-file-directory))[] 
 []


Overfull \hbox (87.0113pt too wide) in paragraph at lines 299--299
[]\T1/cmtt/m/n/10.95 Useful, as it means you won't have to reach for the return
 key to add newlines![] 
 []

[5]
Overfull \hbox (41.74434pt too wide) in paragraph at lines 315--315
[]  \T1/cmtt/m/n/10.95 "Do not show ^M in files containing mixed UNIX and DOS l
ine endings."[] 
 []


Overfull \hbox (58.71945pt too wide) in paragraph at lines 344--344
[]\T1/cmtt/m/n/10.95 (global-set-key [f5] '(lambda () (interactive) (revert-buf
fer nil t nil)))[] 
 []

[6]
Overfull \hbox (234.12895pt too wide) in paragraph at lines 386--386
[]\T1/cmtt/m/n/10.95 Alt+x subword-mode. It change all cursor movement/edit com
mands to stop in-between the ^^PcamelCase^^Q words.[] 
 []


Overfull \hbox (149.25339pt too wide) in paragraph at lines 386--386
[]\T1/cmtt/m/n/10.95 subword-mode and superword-mode are mutally exclusive. Tur
ning one on turns off the other.[] 
 []


Overfull \hbox (256.76244pt too wide) in paragraph at lines 406--406
[]\T1/cmtt/m/n/10.95 Alt+x superword-mode (emacs 24.4) is similar. It treats te
xt like ^^Px_y^^Q as one word. Useful for ^^Psnake_case^^Q.[] 
 []


Overfull \hbox (149.25339pt too wide) in paragraph at lines 406--406
[]\T1/cmtt/m/n/10.95 subword-mode and superword-mode are mutally exclusive. Tur
ning one on turns off the other.[] 
 []

[7] [8] [9]
Overfull \hbox (53.06108pt too wide) in paragraph at lines 545--545
[]\T1/cmtt/m/n/10.95 (defconst *spell-check-support-enabled* t) ;; Enable with 
t if you prefer[] 
 []


Overfull \hbox (7.79411pt too wide) in paragraph at lines 562--562
[]\T1/cmtt/m/n/10.95 ;    (change (if (string= dic "deutsch8") "english" "deuts
ch8")))[] 
 []

[10]
Overfull \hbox (120.96153pt too wide) in paragraph at lines 627--627
[]  \T1/cmtt/m/n/10.95 (add-to-list 'ispell-skip-region-alist '(":\\(PROPERTIES
\\|LOGBOOK\\):" . ":END:"))[] 
 []


Overfull \hbox (58.71945pt too wide) in paragraph at lines 627--627
[]  \T1/cmtt/m/n/10.95 (add-to-list 'ispell-skip-region-alist '("^#+BEGIN_SRC" 
. "^#+END_SRC"))[] 
 []


Overfull \hbox (115.30316pt too wide) in paragraph at lines 627--627
[]  \T1/cmtt/m/n/10.95 ;; global ispell settings (disabled in favor of conditio
nal hunspell setup bellow)[] 
 []


Overfull \hbox (194.52036pt too wide) in paragraph at lines 627--627
[]      \T1/cmtt/m/n/10.95 ;; i could set `ispell-dictionary' instead but `ispe
ll-local-dictionary' has higher priority[] 
 []

[11]
Overfull \hbox (177.54524pt too wide) in paragraph at lines 627--627
[]         \T1/cmtt/m/n/10.95 ;; Please note the list `("-d" "en_US")` contains
 ACTUAL parameters passed to hunspell[] 
 []


Overfull \hbox (137.93665pt too wide) in paragraph at lines 627--627
[]         \T1/cmtt/m/n/10.95 ;; You could use `("-d" "en_US,en_US-med")` to ch
eck with multiple dictionaries[] 
 []


Overfull \hbox (149.25339pt too wide) in paragraph at lines 627--627
[]         \T1/cmtt/m/n/10.95 '(("en_US" "[[:alpha:]]" "[^[:alpha:]]" "[']" nil
 ("-d" "en_US,pt_BR") nil utf-8)[] 
 []


Overfull \hbox (115.30316pt too wide) in paragraph at lines 627--627
[]      \T1/cmtt/m/n/10.95 ;; Please note `ispell-extra-args' contains ACTUAL p
arameters passed to aspell[] 
 []


Overfull \hbox (19.11086pt too wide) in paragraph at lines 627--627
[]      \T1/cmtt/m/n/10.95 (setq ispell-extra-args '("--sug-mode=ultra" "--lang
=en_US"))[] 
 []


Overfull \hbox (143.59502pt too wide) in paragraph at lines 662--662
[]  \T1/cmtt/m/n/10.95 ;; This sets $MANPATH, $PATH and exec-path from your she
ll, but only on OS X and Linux.[] 
 []


Overfull \hbox (177.54524pt too wide) in paragraph at lines 662--662
[]  \T1/cmtt/m/n/10.95 ;; Its possible to copy values from other SHELL variable
s using one of the two methods bellow[] 
 []


Overfull \hbox (307.68777pt too wide) in paragraph at lines 662--662
[]  \T1/cmtt/m/n/10.95 ;; either using the `exec-path-from-shell-copy-env' func
ton or setting the variable `exec-path-from-shell-variables'[] 
 []


Overfull \hbox (19.11086pt too wide) in paragraph at lines 662--662
[]  \T1/cmtt/m/n/10.95 ;; (setq exec-path-from-shell-variables '("PYTHONPATH" "
GOPATH"))[] 
 []

[12]

! Package inputenc Error: Unicode character 🐭 (U+1F42D)
(inputenc)                not set up for use with LaTeX.

See the inputenc package documentation for explanation.
Type  H <return>  for immediate help.
 ...                                              
                                                  
l.701 \end{verbatim}
                    
You may provide a definition with
\DeclareUnicodeCharacter 


Overfull \hbox (24.76923pt too wide) in paragraph at lines 701--701
[]                \T1/cmtt/m/n/10.95 ("Go to definition" :call (lsp-goto-type-d
efinition)[] 
 []

[13]
Overfull \hbox (126.6199pt too wide) in paragraph at lines 858--858
[]    \T1/cmtt/m/n/10.95 (setq evil-esc-delay 0)  ;; Don't wait for any other k
eys after escape is pressed.[] 
 []

[14]
Overfull \hbox (251.10406pt too wide) in paragraph at lines 858--858
[]    \T1/cmtt/m/n/10.95 (setq evil-mode-line-format '(before . mode-line-front
-space)) ;; move evil tag to beginning of modeline[] 
 []


Overfull \hbox (194.52036pt too wide) in paragraph at lines 858--858
[]    \T1/cmtt/m/n/10.95 ;; (@see https://bitbucket.org/lyro/evil/issue/342/evi
l-default-cursor-setting-should-default)[] 
 []


Overfull \hbox (132.27827pt too wide) in paragraph at lines 858--858
[]\T1/cmtt/m/n/10.95 ;; check if global-set-key also maps to evil insert mode; 
if yes delete bellow snippets[] 
 []

[15]
Overfull \hbox (13.45248pt too wide) in paragraph at lines 858--858
[]  \T1/cmtt/m/n/10.95 (define-key evil-window-map (kbd "b") 'evil-window-botto
m-right)[] 
 []


Overfull \hbox (7.79411pt too wide) in paragraph at lines 858--858
[]  \T1/cmtt/m/n/10.95 (define-key evil-motion-state-map (kbd "M-w") 'evil-wind
ow-map)[] 
 []


Overfull \hbox (36.08597pt too wide) in paragraph at lines 858--858
[]  \T1/cmtt/m/n/10.95 (define-key minibuffer-local-map [escape] 'minibuffer-ke
yboard-quit)[] 
 []


Overfull \hbox (53.06108pt too wide) in paragraph at lines 858--858
[]  \T1/cmtt/m/n/10.95 (define-key minibuffer-local-ns-map [escape] 'minibuffer
-keyboard-quit)[] 
 []


Overfull \hbox (98.32805pt too wide) in paragraph at lines 858--858
[]  \T1/cmtt/m/n/10.95 (define-key minibuffer-local-completion-map [escape] 'mi
nibuffer-keyboard-quit)[] 
 []


Overfull \hbox (98.32805pt too wide) in paragraph at lines 858--858
[]  \T1/cmtt/m/n/10.95 (define-key minibuffer-local-must-match-map [escape] 'mi
nibuffer-keyboard-quit)[] 
 []


Overfull \hbox (81.35294pt too wide) in paragraph at lines 858--858
[]  \T1/cmtt/m/n/10.95 (define-key minibuffer-local-isearch-map [escape] 'minib
uffer-keyboard-quit)[] 
 []


Overfull \hbox (24.76923pt too wide) in paragraph at lines 858--858
[]  \T1/cmtt/m/n/10.95 ;; this gives priority to native emacs behaviour rathen 
than Vim's[] 
 []


Overfull \hbox (13.45248pt too wide) in paragraph at lines 858--858
[]  \T1/cmtt/m/n/10.95 (define-key evil-normal-state-map (kbd "C-e") 'evil-end-
of-line)[] 
 []


Overfull \hbox (13.45248pt too wide) in paragraph at lines 858--858
[]  \T1/cmtt/m/n/10.95 (define-key evil-insert-state-map (kbd "C-e") 'move-end-
of-line)[] 
 []


Overfull \hbox (13.45248pt too wide) in paragraph at lines 858--858
[]  \T1/cmtt/m/n/10.95 (define-key evil-visual-state-map (kbd "C-e") 'evil-end-
of-line)[] 
 []


Overfull \hbox (13.45248pt too wide) in paragraph at lines 858--858
[]  \T1/cmtt/m/n/10.95 (define-key evil-motion-state-map (kbd "C-e") 'evil-end-
of-line)[] 
 []


Overfull \hbox (13.45248pt too wide) in paragraph at lines 858--858
[]  \T1/cmtt/m/n/10.95 (define-key evil-insert-state-map (kbd "C-d") 'evil-dele
te-char)[] 
 []


Overfull \hbox (13.45248pt too wide) in paragraph at lines 858--858
[]  \T1/cmtt/m/n/10.95 (define-key evil-normal-state-map (kbd "C-d") 'evil-dele
te-char)[] 
 []


Overfull \hbox (13.45248pt too wide) in paragraph at lines 858--858
[]  \T1/cmtt/m/n/10.95 (define-key evil-visual-state-map (kbd "C-d") 'evil-dele
te-char)[] 
 []

[16]
Overfull \hbox (19.11086pt too wide) in paragraph at lines 858--858
[]  \T1/cmtt/m/n/10.95 (define-key evil-normal-state-map (kbd "C-f") 'evil-forw
ard-char)[] 
 []


Overfull \hbox (19.11086pt too wide) in paragraph at lines 858--858
[]  \T1/cmtt/m/n/10.95 (define-key evil-insert-state-map (kbd "C-f") 'evil-forw
ard-char)[] 
 []


Overfull \hbox (19.11086pt too wide) in paragraph at lines 858--858
[]  \T1/cmtt/m/n/10.95 (define-key evil-insert-state-map (kbd "C-f") 'evil-forw
ard-char)[] 
 []


Overfull \hbox (24.76923pt too wide) in paragraph at lines 858--858
[]  \T1/cmtt/m/n/10.95 (define-key evil-normal-state-map (kbd "C-b") 'evil-back
ward-char)[] 
 []


Overfull \hbox (24.76923pt too wide) in paragraph at lines 858--858
[]  \T1/cmtt/m/n/10.95 (define-key evil-insert-state-map (kbd "C-b") 'evil-back
ward-char)[] 
 []


Overfull \hbox (24.76923pt too wide) in paragraph at lines 858--858
[]  \T1/cmtt/m/n/10.95 (define-key evil-visual-state-map (kbd "C-b") 'evil-back
ward-char)[] 
 []


Overfull \hbox (2.13574pt too wide) in paragraph at lines 858--858
[]  \T1/cmtt/m/n/10.95 (define-key evil-normal-state-map (kbd "C-n") 'evil-next
-line)[] 
 []


Overfull \hbox (2.13574pt too wide) in paragraph at lines 858--858
[]  \T1/cmtt/m/n/10.95 (define-key evil-insert-state-map (kbd "C-n") 'evil-next
-line)[] 
 []


Overfull \hbox (2.13574pt too wide) in paragraph at lines 858--858
[]  \T1/cmtt/m/n/10.95 (define-key evil-visual-state-map (kbd "C-n") 'evil-next
-line)[] 
 []


Overfull \hbox (24.76923pt too wide) in paragraph at lines 858--858
[]  \T1/cmtt/m/n/10.95 (define-key evil-normal-state-map (kbd "C-p") 'evil-prev
ious-line)[] 
 []


Overfull \hbox (24.76923pt too wide) in paragraph at lines 858--858
[]  \T1/cmtt/m/n/10.95 (define-key evil-insert-state-map (kbd "C-p") 'evil-prev
ious-line)[] 
 []


Overfull \hbox (24.76923pt too wide) in paragraph at lines 858--858
[]  \T1/cmtt/m/n/10.95 (define-key evil-visual-state-map (kbd "C-p") 'evil-prev
ious-line)[] 
 []


Overfull \hbox (19.11086pt too wide) in paragraph at lines 858--858
[]  \T1/cmtt/m/n/10.95 (define-key evil-normal-state-map (kbd "Q") 'call-last-k
bd-macro)[] 
 []


Overfull \hbox (19.11086pt too wide) in paragraph at lines 858--858
[]  \T1/cmtt/m/n/10.95 (define-key evil-visual-state-map (kbd "Q") 'call-last-k
bd-macro)[] 
 []


Overfull \hbox (7.79411pt too wide) in paragraph at lines 858--858
[]  \T1/cmtt/m/n/10.95 (define-key evil-insert-state-map (kbd "C-r") 'search-ba
ckward)[] 
 []

[17]
Overfull \hbox (2.13574pt too wide) in paragraph at lines 936--936
[]  \T1/cmtt/m/n/10.95 (push '(?3 . ("classNames(" . ")")) evil-surround-pairs-
alist)[] 
 []

[18]
Overfull \hbox (58.71945pt too wide) in paragraph at lines 950--950
[]\T1/cmtt/m/n/10.95 (add-hook 'emacs-lisp-mode-hook 'evil-surround-emacs-lisp-
mode-hook-setup)[] 
 []


Overfull \hbox (0.59053pt too wide) in paragraph at lines 972--972
[][]\T1/cmr/bx/n/14.4 corral - in-tel-li-gent sur-round text with auto-guess su
g-
 []

[19]
Overfull \hbox (41.74434pt too wide) in paragraph at lines 1018--1018
[]  \T1/cmtt/m/n/10.95 ;; Lookup the current symbol at point. C-c C-d is a comm
on keybinding[] 
 []


Overfull \hbox (58.71945pt too wide) in paragraph at lines 1018--1018
[]  \T1/cmtt/m/n/10.95 ;; By default, C-h F is bound to `Info-goto-emacs-comman
d-node'. Helpful[] 
 []


Overfull \hbox (24.76923pt too wide) in paragraph at lines 1018--1018
[]  \T1/cmtt/m/n/10.95 ;; already links to the manual, if a function is referen
ced there.[] 
 []


Overfull \hbox (41.74434pt too wide) in paragraph at lines 1018--1018
[]  \T1/cmtt/m/n/10.95 ;; By default, C-h C is bound to describe `describe-codi
ng-system'. I[] 
 []


Overfull \hbox (24.76923pt too wide) in paragraph at lines 1018--1018
[]  \T1/cmtt/m/n/10.95 ;; don't find this very useful, but it's frequently usef
ul to only[] 
 []


Overfull \hbox (177.54524pt too wide) in paragraph at lines 1034--1034
[]  \T1/cmtt/m/n/10.95 (autoload 'enable-paredit-mode "paredit" "Turn on pseudo
-structural editing of Lisp code." t)[] 
 []

[20]
Overfull \hbox (53.06108pt too wide) in paragraph at lines 1034--1034
[]  \T1/cmtt/m/n/10.95 (add-hook 'eval-expression-minibuffer-setup-hook #'enabl
e-paredit-mode)[] 
 []


Overfull \hbox (47.40271pt too wide) in paragraph at lines 1076--1076
[]            \T1/cmtt/m/n/10.95 pretty-parens  ; different paren styles for di
fferent modes.[] 
 []


Overfull \hbox (386.90497pt too wide) in paragraph at lines 1076--1076
[]            \T1/cmtt/m/n/10.95 ;lispy          ; If you use Lispy. With this 
extension, you should install Lispy and do not enable lispy-mode directly.[] 
 []


Overfull \hbox (132.27827pt too wide) in paragraph at lines 1076--1076
[]            \T1/cmtt/m/n/10.95 smart-tab      ; C-b & C-f jump positions and 
smart shift with tab & S-tab.[] 
 []


Overfull \hbox (64.37782pt too wide) in paragraph at lines 1076--1076
[]    \T1/cmtt/m/n/10.95 ;; auto switch to Indent Mode whenever parens are bala
nce in Paren Mode[] 
 []

[21]
Overfull \hbox (13.45248pt too wide) in paragraph at lines 1076--1076
[]    \T1/cmtt/m/n/10.95 (setq parinfer-auto-switch-indent-mode nil)  ;; defaul
t is nil[] 
 []


Overfull \hbox (30.4276pt too wide) in paragraph at lines 1076--1076
[]    \T1/cmtt/m/n/10.95 (setq parinfer-lighters '(" Parinfer:Indent" . "Parinf
er:Paren"))[] 
 []


Overfull \hbox (126.6199pt too wide) in paragraph at lines 1117--1117
[]    \T1/cmtt/m/n/10.95 "Opens up a new shell in the directory associated with
 the current buffer's file."[] 
 []


Overfull \hbox (2.13574pt too wide) in paragraph at lines 1117--1117
[]                        \T1/cmtt/m/n/10.95 (file-name-directory (buffer-file-
name))[] 
 []


Overfull \hbox (7.79411pt too wide) in paragraph at lines 1117--1117
[]\T1/cmtt/m/n/10.95 (define-key evil-normal-state-map (kbd "\"") #'/shell/new-
window)[] 
 []


Overfull \hbox (7.79411pt too wide) in paragraph at lines 1117--1117
[]\T1/cmtt/m/n/10.95 (define-key evil-visual-state-map (kbd "\"") #'/shell/new-
window)[] 
 []


Overfull \hbox (7.79411pt too wide) in paragraph at lines 1117--1117
[]\T1/cmtt/m/n/10.95 (define-key evil-motion-state-map (kbd "\"") #'/shell/new-
window)[] 
 []

[22]
Overfull \hbox (624.55655pt too wide) in paragraph at lines 1147--1147
[]    \T1/cmtt/m/n/10.95 "Opens up a new eshell in the directory associated wit
h the current buffer's file.  The eshell is renamed to match that directory to 
make multiple eshell windows easier."[] 
 []


Overfull \hbox (7.79411pt too wide) in paragraph at lines 1147--1147
[]\T1/cmtt/m/n/10.95 (define-key evil-normal-state-map (kbd "!") #'/eshell/new-
window)[] 
 []


Overfull \hbox (7.79411pt too wide) in paragraph at lines 1147--1147
[]\T1/cmtt/m/n/10.95 (define-key evil-visual-state-map (kbd "!") #'/eshell/new-
window)[] 
 []


Overfull \hbox (7.79411pt too wide) in paragraph at lines 1147--1147
[]\T1/cmtt/m/n/10.95 (define-key evil-motion-state-map (kbd "!") #'/eshell/new-
window)[] 
 []


Overfull \hbox (13.45248pt too wide) in paragraph at lines 1166--1166
[]    \T1/cmtt/m/n/10.95 ;; Add hook to override C-c C-c in this mode to stay i
n window[] 
 []


Overfull \hbox (13.45248pt too wide) in paragraph at lines 1166--1166
[]                  \T1/cmtt/m/n/10.95 'restclient-http-send-current-stay-in-wi
ndow))))[] 
 []

[23]
Overfull \hbox (47.40271pt too wide) in paragraph at lines 1188--1188
[]  \T1/cmtt/m/n/10.95 ;; step 2, `mc/mark-all-like-dwim' or `mc/mark-all-like-
this-in-defun'[] 
 []


Overfull \hbox (98.32805pt too wide) in paragraph at lines 1188--1188
[]  \T1/cmtt/m/n/10.95 ;; step 3, `ace-mc-add-multiple-cursors' to remove curso
r, press RET to confirm[] 
 []


Overfull \hbox (41.74434pt too wide) in paragraph at lines 1188--1188
[]  \T1/cmtt/m/n/10.95 (define-key evil-visual-state-map (kbd "mn") 'mc/mark-ne
xt-like-this)[] 
 []


Overfull \hbox (64.37782pt too wide) in paragraph at lines 1188--1188
[]  \T1/cmtt/m/n/10.95 (define-key evil-visual-state-map (kbd "ma") 'mc/mark-al
l-like-this-dwim)[] 
 []


Overfull \hbox (87.0113pt too wide) in paragraph at lines 1188--1188
[]  \T1/cmtt/m/n/10.95 (define-key evil-visual-state-map (kbd "md") 'mc/mark-al
l-like-this-in-defun)[] 
 []


Overfull \hbox (70.0362pt too wide) in paragraph at lines 1188--1188
[]  \T1/cmtt/m/n/10.95 (define-key evil-visual-state-map (kbd "mm") 'ace-mc-add
-multiple-cursors)[] 
 []


Overfull \hbox (53.06108pt too wide) in paragraph at lines 1188--1188
[]  \T1/cmtt/m/n/10.95 (define-key evil-visual-state-map (kbd "ms") 'ace-mc-add
-single-cursor)[] 
 []


Overfull \hbox (81.35294pt too wide) in paragraph at lines 1246--1246
[]  \T1/cmtt/m/n/10.95 ;; this map is to delete de bellow commented lambda that
 does the same thing[] 
 []


Overfull \hbox (109.64479pt too wide) in paragraph at lines 1246--1246
[]  \T1/cmtt/m/n/10.95 ;; Resolve issue with Tab not working with ORG only in N
ormal VI Mode in terminal[] 
 []


Overfull \hbox (41.74434pt too wide) in paragraph at lines 1246--1246
[]  \T1/cmtt/m/n/10.95 ;;        (define-key evil-normal-state-map (kbd "TAB") 
'org-cycle)))[] 
 []

[24]
Overfull \hbox (47.40271pt too wide) in paragraph at lines 1246--1246
[]  \T1/cmtt/m/n/10.95 (setq org-export-backends (quote (ascii html icalendar l
atex md odt)))[] 
 []


Overfull \hbox (13.45248pt too wide) in paragraph at lines 1246--1246
[]  \T1/cmtt/m/n/10.95 ;; dont display atual width for images inline. set per-f
ile with[] 
 []


Overfull \hbox (47.40271pt too wide) in paragraph at lines 1246--1246
[]  \T1/cmtt/m/n/10.95 (setq org-log-done 'time) ;; Show CLOSED tag line in clo
sed TODO items[] 
 []


Overfull \hbox (58.71945pt too wide) in paragraph at lines 1246--1246
[]  \T1/cmtt/m/n/10.95 (setq org-log-done 'note) ;; Prompt to leave a note when
 closing an item[] 
 []


Overfull \hbox (154.91176pt too wide) in paragraph at lines 1246--1246
[]    \T1/cmtt/m/n/10.95 "Setup variables to turn on syntax highlighting when c
alling `org-latex-export-to-pdf'"[] 
 []


Overfull \hbox (120.96153pt too wide) in paragraph at lines 1246--1246
[]          \T1/cmtt/m/n/10.95 '("pdflatex -shell-escape -interaction nonstopmo
de -output-directory %o %f"[] 
 []


Overfull \hbox (137.93665pt too wide) in paragraph at lines 1246--1246
[]            \T1/cmtt/m/n/10.95 "pdflatex -shell-escape -interaction nonstopmo
de -output-directory %o %f")))[] 
 []

[25]

! LaTeX Error: Environment NOTE undefined.

See the LaTeX manual or LaTeX Companion for explanation.
Type  H <return>  for immediate help.
 ...                                              
                                                  
l.1280 \begin{NOTE}
                   
Your command was ignored.
Type  I <command> <return>  to replace it with another command,
or  <return>  to continue without it.


! LaTeX Error: \begin{document} ended by \end{NOTE}.

See the LaTeX manual or LaTeX Companion for explanation.
Type  H <return>  for immediate help.
 ...                                              
                                                  
l.1287 \end{NOTE}
                 
Your command was ignored.
Type  I <command> <return>  to replace it with another command,
or  <return>  to continue without it.


Overfull \hbox (36.08597pt too wide) in paragraph at lines 1303--1303
[]  \T1/cmtt/m/n/10.95 (setq org-pandoc-options-for-beamer-pdf '((pdf-engine . 
"xelatex")))[] 
 []


Overfull \hbox (24.76923pt too wide) in paragraph at lines 1303--1303
[]  \T1/cmtt/m/n/10.95 (setq org-pandoc-options-for-latex-pdf '((pdf-engine . "
luatex")))[] 
 []


Overfull \hbox (75.69456pt too wide) in paragraph at lines 1303--1303
[]  \T1/cmtt/m/n/10.95 (setq org-pandoc-format-extensions '(markdown_github+pip
e_tables+raw_html))[] 
 []

[26]
Overfull \hbox (137.93665pt too wide) in paragraph at lines 1344--1344
[]\T1/cmtt/m/n/10.95 This delay makes the options to export to RevealJS appear 
on the exporter menu (C-c C-e)[] 
 []


Overfull \hbox (24.76923pt too wide) in paragraph at lines 1353--1353
[]  \T1/cmtt/m/n/10.95 (setq org-reveal-root "https://cdn.jsdelivr.net/reveal.j
s/3.0.0/")[] 
 []

[27]
Overfull \hbox (24.76923pt too wide) in paragraph at lines 1432--1432
[]  \T1/cmtt/m/n/10.95 (TeX-view-program-list '(("pdf-tools" "TeX-pdf-tools-syn
c-view")))[] 
 []


Overfull \hbox (53.06108pt too wide) in paragraph at lines 1432--1432
[]  \T1/cmtt/m/n/10.95 (TeX-after-compilation-finished-functions #'TeX-revert-d
ocument-buffer)[] 
 []

[28]
Overfull \hbox (137.93665pt too wide) in paragraph at lines 1432--1432
[]  \T1/cmtt/m/n/10.95 (setq org-export-with-smart-quotes t) ;; convert quotes 
to LaTeX smartquotes on export[] 
 []

! Undefined control sequence.
<recently read> \book 
                      
l.1455 \book
             & -2 & *\\
The control sequence at the end of the top line
of your error message was never \def'ed. If you have
misspelled it (e.g., `\hobx'), type `I' and the correct
spelling (e.g., `I\hbox'). Otherwise just continue,
and I'll forget about whatever was undefined.

! Missing } inserted.
<inserted text> 
                }
l.1456 \part
             & -1 & **\\
I've inserted something that you may